<?xml version="1.0" encoding="UTF-8"?>
<testng-results ignored="0" total="1" passed="1" failed="0" skipped="0">
  <reporter-output>
  </reporter-output>
  <suite started-at="2023-08-01T17:16:19 IST" name="Default suite" finished-at="2023-08-01T17:16:27 IST" duration-ms="7980">
    <groups>
    </groups>
    <test started-at="2023-08-01T17:16:19 IST" name="Default test" finished-at="2023-08-01T17:16:27 IST" duration-ms="7980">
      <class name="testScripts.LauchFacebookPage">
        <test-method is-config="true" signature="bc_config()[pri:0, instance:testScripts.LauchFacebookPage@7334aada]" started-at="2023-08-01T17:16:19 IST" name="bc_config" finished-at="2023-08-01T17:16:25 IST" duration-ms="5628" status="PASS">
          <reporter-output>
          </reporter-output>
        </test-method> <!-- bc_config -->
        <test-method signature="main()[pri:0, instance:testScripts.LauchFacebookPage@7334aada]" started-at="2023-08-01T17:16:25 IST" name="main" finished-at="2023-08-01T17:16:27 IST" duration-ms="2208" status="PASS">
          <reporter-output>
          </reporter-output>
        </test-method> <!-- main -->
        <test-method is-config="true" signature="ac_config()[pri:0, instance:testScripts.LauchFacebookPage@7334aada]" started-at="2023-08-01T17:16:27 IST" name="ac_config" finished-at="2023-08-01T17:16:27 IST" duration-ms="116" status="PASS">
          <reporter-output>
          </reporter-output>
        </test-method> <!-- ac_config -->
      </class> <!-- testScripts.LauchFacebookPage -->
    </test> <!-- Default test -->
  </suite> <!-- Default suite -->
</testng-results>
